#
# A fatal error has been detected by the Java Runtime Environment:
#
#  EXCEPTION_IN_PAGE_ERROR (0xc0000006) at pc=0x00000000702f5454, pid=4924, tid=0x0000000000001364
#
# JRE version: OpenJDK Runtime Environment (8.0_152-b01) (build 1.8.0_152-release-915-b01)
# Java VM: OpenJDK 64-Bit Server VM (25.152-b01 mixed mode windows-amd64 compressed oops)
# Problematic frame:
# V  [jvm.dll+0x115454]
#
# Failed to write core dump. Minidumps are not enabled by default on client versions of Windows
#
# If you would like to submit a bug report, please visit:
#   http://bugreport.java.com/bugreport/crash.jsp
#

---------------  T H R E A D  ---------------

Current thread (0x00000000167cd800):  JavaThread "C2 CompilerThread1" daemon [_thread_in_vm, id=4964, stack(0x0000000017f10000,0x0000000018010000)]

siginfo: ExceptionCode=0xc0000006, ExceptionInformation=0x0000000000000000 0x000000001dcd5e12 0x00000000c0000185 

Registers:
RAX=0x000000007078b008, RBX=0x000000001e0d18c0, RCX=0x000000001dcd5e10, RDX=0x000000001dcd5e10
RSP=0x000000001800d670, RBP=0x000000001800d790, RSI=0x0000000000000000, RDI=0x000000001dcd5e10
R8 =0x0000000000000000, R9 =0x00000001003ffb30, R10=0x000000001dcd5e10, R11=0x000000001e0cd680
R12=0x00000000167cd800, R13=0x000000001c8ebb70, R14=0x000000001800f440, R15=0x0000000000000001
RIP=0x00000000702f5454, EFLAGS=0x0000000000010202

Top of Stack: (sp=0x000000001800d670)
0x000000001800d670:   000000001fcffdc8 00000000167cd800
0x000000001800d680:   0000000019e85390 0000000000000000
0x000000001800d690:   0000000019e85390 000000007020398a
0x000000001800d6a0:   000000001800d7c0 0000000019e85390
0x000000001800d6b0:   000000001800d7c0 000000001800d709
0x000000001800d6c0:   000000001c8ebb70 00000000701fedb4
0x000000001800d6d0:   000000001c8ebb70 000000001dcd5e10
0x000000001800d6e0:   00000000167cd800 00000000167cd800
0x000000001800d6f0:   000000001e0d1800 00000000701f5719
0x000000001800d700:   000000001fcffdc8 00000000167cd800
0x000000001800d710:   000000001fcffdc8 00000000167cd800
0x000000001800d720:   fffffffe00000000 00000000701eaad5
0x000000001800d730:   000000001e0ce080 000000001dcd5e10
0x000000001800d740:   000000001c8ebb70 00000000167cd800
0x000000001800d750:   0000000000000000 00000000701fefaa
0x000000001800d760:   000000001e0ce080 000000001fcffdc8 

Instructions: (pc=0x00000000702f5454)
0x00000000702f5434:   ff cc cc cc cc cc cc cc cc cc cc cc e9 db fe ff
0x00000000702f5444:   ff cc cc cc cc cc cc cc cc cc cc cc 48 83 ec 28
0x00000000702f5454:   0f b7 41 02 48 83 c1 02 66 85 c0 78 05 e8 fa 52
0x00000000702f5464:   0c 00 48 83 c4 28 c3 cc cc cc cc cc 48 83 ec 28 


Register to memory mapping:

RAX=0x000000007078b008 is an unknown value
RBX=0x000000001e0d18c0 is an unknown value
RCX=0x000000001dcd5e10 is an unknown value
RDX=0x000000001dcd5e10 is an unknown value
RSP=0x000000001800d670 is pointing into the stack for thread: 0x00000000167cd800
RBP=0x000000001800d790 is pointing into the stack for thread: 0x00000000167cd800
RSI=0x0000000000000000 is an unknown value
RDI=0x000000001dcd5e10 is an unknown value
R8 =0x0000000000000000 is an unknown value
R9 =0x00000001003ffb30 is pointing into metadata
R10=0x000000001dcd5e10 is an unknown value
R11=0x000000001e0cd680 is an unknown value
R12=0x00000000167cd800 is a thread
R13=0x000000001c8ebb70 is an unknown value
R14=0x000000001800f440 is pointing into the stack for thread: 0x00000000167cd800
R15=0x0000000000000001 is an unknown value


Stack: [0x0000000017f10000,0x0000000018010000],  sp=0x000000001800d670,  free space=1013k
Native frames: (J=compiled Java code, j=interpreted, Vv=VM code, C=native code)
V  [jvm.dll+0x115454]
V  [jvm.dll+0x2398a]
V  [jvm.dll+0x1edb4]
V  [jvm.dll+0x15719]
V  [jvm.dll+0x1efaa]
V  [jvm.dll+0x1f1b9]
V  [jvm.dll+0xbe68]
V  [jvm.dll+0xbf7a]
V  [jvm.dll+0x2375d]
V  [jvm.dll+0x260a0]
V  [jvm.dll+0x278c5]
V  [jvm.dll+0x28b3a]
V  [jvm.dll+0x29a3c]
V  [jvm.dll+0x29e4b]
V  [jvm.dll+0x29f6e]
V  [jvm.dll+0x13b6e]
V  [jvm.dll+0x4237ee]
V  [jvm.dll+0x424cc6]
V  [jvm.dll+0x441707]
V  [jvm.dll+0x424b32]
V  [jvm.dll+0x80fa9]
V  [jvm.dll+0x818df]
V  [jvm.dll+0x21d06f]
V  [jvm.dll+0x26d4aa]
C  [msvcr100.dll+0x21d9f]
C  [msvcr100.dll+0x21e3b]
C  [KERNEL32.DLL+0x13d2]
C  [ntdll.dll+0x154e4]


Current CompileTask:
C2:4036025 22453       4       org.gradle.api.internal.artifacts.ivyservice.ivyresolve.parser.PomReader::parseActivePomProfiles (201 bytes)


---------------  P R O C E S S  ---------------

Java Threads: ( => current thread )
  0x0000000018901000 JavaThread "build operations Thread 4" [_thread_blocked, id=5048, stack(0x000000001bd90000,0x000000001be90000)]
  0x00000000188fc800 JavaThread "build operations Thread 3" [_thread_blocked, id=3516, stack(0x000000001bc90000,0x000000001bd90000)]
  0x00000000188fc000 JavaThread "build operations Thread 2" [_thread_blocked, id=4316, stack(0x000000001bb90000,0x000000001bc90000)]
  0x00000000188ff000 JavaThread "build operations" [_thread_blocked, id=2396, stack(0x000000001ba90000,0x000000001bb90000)]
  0x00000000188fe000 JavaThread "Cache worker for Artifact transforms cache (C:\Users\Alexandre\.gradle\caches\transforms-1)" [_thread_blocked, id=3736, stack(0x000000001b790000,0x000000001b890000)]
  0x00000000188fa800 JavaThread "Cache worker for file hash cache (G:\Desenvolvimento_Mobile\Desenvolvimento_Android\Android\workspace\Concurseiro\.gradle\4.1\fileHashes)" [_thread_blocked, id=2800, stack(0x000000001b690000,0x000000001b790000)]
  0x00000000188f6800 JavaThread "Stdin handler" [_thread_blocked, id=2220, stack(0x0000000000dd0000,0x0000000000ed0000)]
  0x00000000188f7800 JavaThread "Asynchronous log dispatcher for DefaultDaemonConnection: socket connection from /127.0.0.1:54027 to /127.0.0.1:56190" [_thread_blocked, id=4160, stack(0x0000000000ad0000,0x0000000000bd0000)]
  0x00000000188f9800 JavaThread "Daemon worker Thread 11" [_thread_blocked, id=4612, stack(0x00000000009d0000,0x0000000000ad0000)]
  0x00000000188f6000 JavaThread "Cancel handler" [_thread_blocked, id=2888, stack(0x00000000008d0000,0x00000000009d0000)]
  0x00000000188f5000 JavaThread "Handler for socket connection from /127.0.0.1:54027 to /127.0.0.1:56190" [_thread_in_native, id=4508, stack(0x0000000000110000,0x0000000000210000)]
  0x00000000188f3800 JavaThread "Daemon Thread 11" [_thread_blocked, id=5116, stack(0x0000000000010000,0x0000000000110000)]
  0x0000000019e2e000 JavaThread "Memory manager" [_thread_blocked, id=4620, stack(0x0000000020d60000,0x0000000020e60000)]
  0x0000000019e2a800 JavaThread "pool-1-thread-1" [_thread_blocked, id=692, stack(0x0000000020c60000,0x0000000020d60000)]
  0x0000000019a9c800 JavaThread "File lock request listener" [_thread_in_native, id=908, stack(0x000000001c190000,0x000000001c290000)]
  0x0000000019ab9000 JavaThread "Cache worker for file hash cache (C:\Users\Alexandre\.gradle\caches\4.1\fileHashes)" [_thread_blocked, id=2180, stack(0x000000001be90000,0x000000001bf90000)]
  0x0000000019a2e800 JavaThread "Daemon periodic checks" [_thread_blocked, id=3428, stack(0x000000001b590000,0x000000001b690000)]
  0x000000001970c800 JavaThread "Incoming local TCP Connector on port 54027" [_thread_in_native, id=3444, stack(0x000000001b390000,0x000000001b490000)]
  0x0000000018138800 JavaThread "Service Thread" daemon [_thread_blocked, id=2876, stack(0x0000000018510000,0x0000000018610000)]
  0x00000000167d3800 JavaThread "C1 CompilerThread2" daemon [_thread_blocked, id=4628, stack(0x0000000018010000,0x0000000018110000)]
=>0x00000000167cd800 JavaThread "C2 CompilerThread1" daemon [_thread_in_vm, id=4964, stack(0x0000000017f10000,0x0000000018010000)]
  0x00000000167ca800 JavaThread "C2 CompilerThread0" daemon [_thread_blocked, id=4076, stack(0x0000000017e10000,0x0000000017f10000)]
  0x00000000167d9000 JavaThread "Attach Listener" daemon [_thread_blocked, id=4460, stack(0x0000000017d10000,0x0000000017e10000)]
  0x00000000167d8000 JavaThread "Signal Dispatcher" daemon [_thread_blocked, id=4916, stack(0x0000000017c10000,0x0000000017d10000)]
  0x00000000167b9000 JavaThread "Finalizer" daemon [_thread_blocked, id=4500, stack(0x0000000017a20000,0x0000000017b20000)]
  0x0000000002e53000 JavaThread "Reference Handler" daemon [_thread_blocked, id=4008, stack(0x0000000017920000,0x0000000017a20000)]
  0x000000000145e000 JavaThread "main" [_thread_blocked, id=5008, stack(0x0000000002bc0000,0x0000000002cc0000)]

Other Threads:
  0x0000000016795000 VMThread [stack: 0x0000000017820000,0x0000000017920000] [id=4632]
  0x000000001682e800 WatcherThread [stack: 0x0000000018610000,0x0000000018710000] [id=3200]

VM state:synchronizing (normal execution)

VM Mutex/Monitor currently owned by a thread:  ([mutex/lock_event])
[0x000000000145d5a0] Threads_lock - owner thread: 0x0000000016795000

Heap:
 PSYoungGen      total 132608K, used 27895K [0x00000000e0000000, 0x00000000ed700000, 0x0000000100000000)
  eden space 124928K, 16% used [0x00000000e0000000,0x00000000e143dc38,0x00000000e7a00000)
  from space 7680K, 93% used [0x00000000e7e00000,0x00000000e8500158,0x00000000e8580000)
  to   space 47616K, 0% used [0x00000000ea880000,0x00000000ea880000,0x00000000ed700000)
 ParOldGen       total 103424K, used 60733K [0x00000000a0000000, 0x00000000a6500000, 0x00000000e0000000)
  object space 103424K, 58% used [0x00000000a0000000,0x00000000a3b4f788,0x00000000a6500000)
 Metaspace       used 78003K, capacity 82972K, committed 83220K, reserved 1122304K
  class space    used 9645K, capacity 10733K, committed 10812K, reserved 1048576K

Card table byte_map: [0x0000000012220000,0x0000000012530000] byte_map_base: 0x0000000011d20000

Marking Bits: (ParMarkBitMap*) 0x00000000709a3950
 Begin Bits: [0x0000000012b30000, 0x0000000014330000)
 End Bits:   [0x0000000014330000, 0x0000000015b30000)

Polling page: 0x0000000001200000

CodeCache: size=245760Kb used=62003Kb max_used=62774Kb free=183756Kb
 bounds [0x0000000002e60000, 0x0000000006c10000, 0x0000000011e60000]
 total_blobs=18111 nmethods=17270 adapters=751
 compilation: enabled

Compilation events (10 events):
Event: 3965.843 Thread 0x00000000167d3800 22448       3       org.gradle.internal.resource.local.CompositeLocallyAvailableResourceFinder$CompositeLocallyAvailableResourceCandidates::<init> (10 bytes)
Event: 3965.843 Thread 0x00000000167d3800 nmethod 22448 0x000000000567dc10 code [0x000000000567dd60, 0x000000000567df30]
Event: 3965.849 Thread 0x00000000167d3800 22449       3       com.sun.org.apache.xerces.internal.impl.dtd.XMLDTDProcessor::endDTD (418 bytes)
Event: 3965.850 Thread 0x00000000167ca800 22452       4       org.gradle.api.internal.artifacts.ivyservice.ivyresolve.parser.PomReader::maybeSetGavProperties (39 bytes)
Event: 3965.851 Thread 0x00000000167cd800 22453       4       org.gradle.api.internal.artifacts.ivyservice.ivyresolve.parser.PomReader::parseActivePomProfiles (201 bytes)
Event: 3965.851 Thread 0x00000000167d3800 nmethod 22449 0x0000000003973350 code [0x0000000003973800, 0x0000000003976a78]
Event: 3965.851 Thread 0x00000000167d3800 22450       3       com.sun.org.apache.xerces.internal.impl.XMLDTDScannerImpl::endEntity (303 bytes)
Event: 3965.854 Thread 0x00000000167d3800 nmethod 22450 0x000000000595a610 code [0x000000000595a920, 0x000000000595c798]
Event: 3965.854 Thread 0x00000000167d3800 22451       3       com.sun.xml.internal.stream.XMLEntityStorage::endExternalSubset (6 bytes)
Event: 3965.854 Thread 0x00000000167d3800 nmethod 22451 0x0000000004874d90 code [0x0000000004874ee0, 0x0000000004875030]

GC Heap History (10 events):
Event: 2954.250 GC heap before
{Heap before GC invocations=36 (full 3):
 PSYoungGen      total 196608K, used 161462K [0x00000000e0000000, 0x00000000ef500000, 0x0000000100000000)
  eden space 148480K, 100% used [0x00000000e0000000,0x00000000e9100000,0x00000000e9100000)
  from space 48128K, 26% used [0x00000000ec600000,0x00000000ed2ada08,0x00000000ef500000)
  to   space 51200K, 0% used [0x00000000e9100000,0x00000000e9100000,0x00000000ec300000)
 ParOldGen       total 103424K, used 59819K [0x00000000a0000000, 0x00000000a6500000, 0x00000000e0000000)
  object space 103424K, 57% used [0x00000000a0000000,0x00000000a3a6ac08,0x00000000a6500000)
 Metaspace       used 77789K, capacity 82604K, committed 82836K, reserved 1122304K
  class space    used 9622K, capacity 10653K, committed 10684K, reserved 1048576K
Event: 2954.267 GC heap after
Heap after GC invocations=36 (full 3):
 PSYoungGen      total 160256K, used 16682K [0x00000000e0000000, 0x00000000eee00000, 0x0000000100000000)
  eden space 143360K, 0% used [0x00000000e0000000,0x00000000e0000000,0x00000000e8c00000)
  from space 16896K, 98% used [0x00000000e9100000,0x00000000ea14aac8,0x00000000ea180000)
  to   space 50176K, 0% used [0x00000000ebd00000,0x00000000ebd00000,0x00000000eee00000)
 ParOldGen       total 103424K, used 60014K [0x00000000a0000000, 0x00000000a6500000, 0x00000000e0000000)
  object space 103424K, 58% used [0x00000000a0000000,0x00000000a3a9baf8,0x00000000a6500000)
 Metaspace       used 77789K, capacity 82604K, committed 82836K, reserved 1122304K
  class space    used 9622K, capacity 10653K, committed 10684K, reserved 1048576K
}
Event: 3148.836 GC heap before
{Heap before GC invocations=37 (full 3):
 PSYoungGen      total 160256K, used 160042K [0x00000000e0000000, 0x00000000eee00000, 0x0000000100000000)
  eden space 143360K, 100% used [0x00000000e0000000,0x00000000e8c00000,0x00000000e8c00000)
  from space 16896K, 98% used [0x00000000e9100000,0x00000000ea14aac8,0x00000000ea180000)
  to   space 50176K, 0% used [0x00000000ebd00000,0x00000000ebd00000,0x00000000eee00000)
 ParOldGen       total 103424K, used 60014K [0x00000000a0000000, 0x00000000a6500000, 0x00000000e0000000)
  object space 103424K, 58% used [0x00000000a0000000,0x00000000a3a9baf8,0x00000000a6500000)
 Metaspace       used 77856K, capacity 82724K, committed 82964K, reserved 1122304K
  class space    used 9634K, capacity 10693K, committed 10812K, reserved 1048576K
Event: 3148.847 GC heap after
Heap after GC invocations=37 (full 3):
 PSYoungGen      total 184320K, used 6832K [0x00000000e0000000, 0x00000000eea00000, 0x0000000100000000)
  eden space 138240K, 0% used [0x00000000e0000000,0x00000000e0000000,0x00000000e8700000)
  from space 46080K, 14% used [0x00000000ebd00000,0x00000000ec3ac148,0x00000000eea00000)
  to   space 50688K, 0% used [0x00000000e8700000,0x00000000e8700000,0x00000000eb880000)
 ParOldGen       total 103424K, used 60282K [0x00000000a0000000, 0x00000000a6500000, 0x00000000e0000000)
  object space 103424K, 58% used [0x00000000a0000000,0x00000000a3ade9e0,0x00000000a6500000)
 Metaspace       used 77856K, capacity 82724K, committed 82964K, reserved 1122304K
  class space    used 9634K, capacity 10693K, committed 10812K, reserved 1048576K
}
Event: 3154.832 GC heap before
{Heap before GC invocations=38 (full 3):
 PSYoungGen      total 184320K, used 145072K [0x00000000e0000000, 0x00000000eea00000, 0x0000000100000000)
  eden space 138240K, 100% used [0x00000000e0000000,0x00000000e8700000,0x00000000e8700000)
  from space 46080K, 14% used [0x00000000ebd00000,0x00000000ec3ac148,0x00000000eea00000)
  to   space 50688K, 0% used [0x00000000e8700000,0x00000000e8700000,0x00000000eb880000)
 ParOldGen       total 103424K, used 60282K [0x00000000a0000000, 0x00000000a6500000, 0x00000000e0000000)
  object space 103424K, 58% used [0x00000000a0000000,0x00000000a3ade9e0,0x00000000a6500000)
 Metaspace       used 77898K, capacity 82788K, committed 82964K, reserved 1122304K
  class space    used 9634K, capacity 10693K, committed 10812K, reserved 1048576K
Event: 3154.846 GC heap after
Heap after GC invocations=38 (full 3):
 PSYoungGen      total 144896K, used 10897K [0x00000000e0000000, 0x00000000ee380000, 0x0000000100000000)
  eden space 133632K, 0% used [0x00000000e0000000,0x00000000e0000000,0x00000000e8280000)
  from space 11264K, 96% used [0x00000000e8700000,0x00000000e91a45e0,0x00000000e9200000)
  to   space 49664K, 0% used [0x00000000eb300000,0x00000000eb300000,0x00000000ee380000)
 ParOldGen       total 103424K, used 60362K [0x00000000a0000000, 0x00000000a6500000, 0x00000000e0000000)
  object space 103424K, 58% used [0x00000000a0000000,0x00000000a3af29e0,0x00000000a6500000)
 Metaspace       used 77898K, capacity 82788K, committed 82964K, reserved 1122304K
  class space    used 9634K, capacity 10693K, committed 10812K, reserved 1048576K
}
Event: 3156.530 GC heap before
{Heap before GC invocations=39 (full 3):
 PSYoungGen      total 144896K, used 144513K [0x00000000e0000000, 0x00000000ee380000, 0x0000000100000000)
  eden space 133632K, 99% used [0x00000000e0000000,0x00000000e827be40,0x00000000e8280000)
  from space 11264K, 96% used [0x00000000e8700000,0x00000000e91a45e0,0x00000000e9200000)
  to   space 49664K, 0% used [0x00000000eb300000,0x00000000eb300000,0x00000000ee380000)
 ParOldGen       total 103424K, used 60362K [0x00000000a0000000, 0x00000000a6500000, 0x00000000e0000000)
  object space 103424K, 58% used [0x00000000a0000000,0x00000000a3af29e0,0x00000000a6500000)
 Metaspace       used 77917K, capacity 82788K, committed 82964K, reserved 1122304K
  class space    used 9634K, capacity 10693K, committed 10812K, reserved 1048576K
Event: 3156.545 GC heap after
Heap after GC invocations=39 (full 3):
 PSYoungGen      total 172032K, used 12277K [0x00000000e0000000, 0x00000000edd00000, 0x0000000100000000)
  eden space 129024K, 0% used [0x00000000e0000000,0x00000000e0000000,0x00000000e7e00000)
  from space 43008K, 28% used [0x00000000eb300000,0x00000000ebefd658,0x00000000edd00000)
  to   space 48640K, 0% used [0x00000000e7e00000,0x00000000e7e00000,0x00000000ead80000)
 ParOldGen       total 103424K, used 60530K [0x00000000a0000000, 0x00000000a6500000, 0x00000000e0000000)
  object space 103424K, 58% used [0x00000000a0000000,0x00000000a3b1c8b0,0x00000000a6500000)
 Metaspace       used 77917K, capacity 82788K, committed 82964K, reserved 1122304K
  class space    used 9634K, capacity 10693K, committed 10812K, reserved 1048576K
}
Event: 3965.343 GC heap before
{Heap before GC invocations=40 (full 3):
 PSYoungGen      total 172032K, used 141301K [0x00000000e0000000, 0x00000000edd00000, 0x0000000100000000)
  eden space 129024K, 100% used [0x00000000e0000000,0x00000000e7e00000,0x00000000e7e00000)
  from space 43008K, 28% used [0x00000000eb300000,0x00000000ebefd658,0x00000000edd00000)
  to   space 48640K, 0% used [0x00000000e7e00000,0x00000000e7e00000,0x00000000ead80000)
 ParOldGen       total 103424K, used 60530K [0x00000000a0000000, 0x00000000a6500000, 0x00000000e0000000)
  object space 103424K, 58% used [0x00000000a0000000,0x00000000a3b1c8b0,0x00000000a6500000)
 Metaspace       used 78003K, capacity 82972K, committed 83220K, reserved 1122304K
  class space    used 9645K, capacity 10733K, committed 10812K, reserved 1048576K
Event: 3965.354 GC heap after
Heap after GC invocations=40 (full 3):
 PSYoungGen      total 132608K, used 7168K [0x00000000e0000000, 0x00000000ed700000, 0x0000000100000000)
  eden space 124928K, 0% used [0x00000000e0000000,0x00000000e0000000,0x00000000e7a00000)
  from space 7680K, 93% used [0x00000000e7e00000,0x00000000e8500158,0x00000000e8580000)
  to   space 47616K, 0% used [0x00000000ea880000,0x00000000ea880000,0x00000000ed700000)
 ParOldGen       total 103424K, used 60733K [0x00000000a0000000, 0x00000000a6500000, 0x00000000e0000000)
  object space 103424K, 58% used [0x00000000a0000000,0x00000000a3b4f788,0x00000000a6500000)
 Metaspace       used 78003K, capacity 82972K, committed 83220K, reserved 1122304K
  class space    used 9645K, capacity 10733K, committed 10812K, reserved 1048576K
}

Deoptimization events (10 events):
Event: 2944.393 Thread 0x000000001ca1b000 Uncommon trap: reason=unstable_if action=reinterpret pc=0x0000000005c632b8 method=java.util.BitSet.nextClearBit(I)I @ 45
Event: 2948.503 Thread 0x000000001ca1c800 Uncommon trap: reason=unstable_if action=reinterpret pc=0x0000000006bbbbbc method=com.google.common.io.FileBackedOutputStream.update(I)V @ 20
Event: 2948.505 Thread 0x000000001ca1c800 Uncommon trap: reason=unstable_if action=reinterpret pc=0x0000000006b85ca8 method=com.google.common.io.FileBackedOutputStream.update(I)V @ 4
Event: 3155.152 Thread 0x0000000019e2b000 Uncommon trap: reason=bimorphic action=maybe_recompile pc=0x000000000342e364 method=org.gradle.api.internal.changedetection.rules.OutputFilesTaskStateChanges.isOutputEntry(Ljava/lang/String;Lorg/gradle/api/internal/changedetection/state/NormalizedFileSnap
Event: 3155.152 Thread 0x0000000019e2b000 Uncommon trap: reason=class_check action=maybe_recompile pc=0x00000000048aeea4 method=com.google.common.collect.ImmutableMap.containsKey(Ljava/lang/Object;)Z @ 2
Event: 3155.152 Thread 0x0000000019e2b000 Uncommon trap: reason=bimorphic action=maybe_recompile pc=0x000000000342e364 method=org.gradle.api.internal.changedetection.rules.OutputFilesTaskStateChanges.isOutputEntry(Ljava/lang/String;Lorg/gradle/api/internal/changedetection/state/NormalizedFileSnap
Event: 3155.152 Thread 0x0000000019e2b000 Uncommon trap: reason=class_check action=maybe_recompile pc=0x00000000048aeea4 method=com.google.common.collect.ImmutableMap.containsKey(Ljava/lang/Object;)Z @ 2
Event: 3155.851 Thread 0x0000000019e2b000 Uncommon trap: reason=unstable_if action=reinterpret pc=0x0000000006815754 method=java.lang.ref.SoftReference.get()Ljava/lang/Object; @ 6
Event: 3965.128 Thread 0x00000000188f9800 Uncommon trap: reason=array_check action=maybe_recompile pc=0x00000000067add48 method=java.util.ComparableTimSort.reverseRange([Ljava/lang/Object;II)V @ 27
Event: 3965.132 Thread 0x00000000188f9800 Uncommon trap: reason=array_check action=maybe_recompile pc=0x00000000067add48 method=java.util.ComparableTimSort.reverseRange([Ljava/lang/Object;II)V @ 27

Classes redefined (0 events):
No events

Internal exceptions (10 events):
Event: 2954.627 Thread 0x00000000188f9800 Exception <a 'sun/nio/fs/WindowsException'> (0x00000000e726d520) thrown at [D:\src\AOSP-openjdk-cygwin\jdk8u\hotspot\src\share\vm\prims\jni.cpp, line 709]
Event: 3143.492 Thread 0x0000000019e2b000 Exception <a 'java/lang/ClassNotFoundException': sync_local_repo7832_83d6fre8vradsdggcbc013ux5BeanInfo> (0x00000000e7aeec40) thrown at [D:\src\AOSP-openjdk-cygwin\jdk8u\hotspot\src\share\vm\classfile\systemDictionary.cpp, line 210]
Event: 3143.492 Thread 0x0000000019e2b000 Exception <a 'java/lang/ClassNotFoundException': sync_local_repo7832_83d6fre8vradsdggcbc013ux5Customizer> (0x00000000e7af9518) thrown at [D:\src\AOSP-openjdk-cygwin\jdk8u\hotspot\src\share\vm\classfile\systemDictionary.cpp, line 210]
Event: 3149.588 Thread 0x0000000019e2b000 Exception <a 'sun/nio/fs/WindowsException'> (0x00000000e1e59b98) thrown at [D:\src\AOSP-openjdk-cygwin\jdk8u\hotspot\src\share\vm\prims\jni.cpp, line 709]
Event: 3155.851 Thread 0x0000000019e2b000 Implicit null exception at 0x000000000681519c to 0x000000000681572d
Event: 3157.269 Thread 0x0000000019e2b000 Exception <a 'sun/nio/fs/WindowsException'> (0x00000000e5759488) thrown at [D:\src\AOSP-openjdk-cygwin\jdk8u\hotspot\src\share\vm\prims\jni.cpp, line 709]
Event: 3535.614 Thread 0x0000000019e2a800 Exception <a 'sun/nio/fs/WindowsException'> (0x00000000e58f8a20) thrown at [D:\src\AOSP-openjdk-cygwin\jdk8u\hotspot\src\share\vm\prims\jni.cpp, line 709]
Event: 3749.592 Thread 0x0000000019e2a800 Exception <a 'sun/nio/fs/WindowsException'> (0x00000000e5fd0598) thrown at [D:\src\AOSP-openjdk-cygwin\jdk8u\hotspot\src\share\vm\prims\jni.cpp, line 709]
Event: 3964.828 Thread 0x00000000188f9800 Exception <a 'java/lang/ClassNotFoundException': sync_local_repo3626_8lesacshi98s7bn7u2oljg3j3BeanInfo> (0x00000000e650b1a0) thrown at [D:\src\AOSP-openjdk-cygwin\jdk8u\hotspot\src\share\vm\classfile\systemDictionary.cpp, line 210]
Event: 3964.849 Thread 0x00000000188f9800 Exception <a 'java/lang/ClassNotFoundException': sync_local_repo3626_8lesacshi98s7bn7u2oljg3j3Customizer> (0x00000000e6515a78) thrown at [D:\src\AOSP-openjdk-cygwin\jdk8u\hotspot\src\share\vm\classfile\systemDictionary.cpp, line 210]

Events (10 events):
Event: 3965.153 loading class groovy/runtime/metaclass/sync_local_repo3626_8lesacshi98s7bn7u2oljg3j3$_run_closure1$_closure3$_closure6MetaClass
Event: 3965.153 loading class groovy/runtime/metaclass/sync_local_repo3626_8lesacshi98s7bn7u2oljg3j3$_run_closure1$_closure3$_closure6MetaClass done
Event: 3965.168 Thread 0x00000000188fe000 Thread added: 0x00000000188fe000
Event: 3965.316 Executing VM operation: ParallelGCFailedAllocation
Event: 3965.354 Executing VM operation: ParallelGCFailedAllocation done
Event: 3965.908 Thread 0x00000000188ff000 Thread added: 0x00000000188ff000
Event: 3965.908 Thread 0x00000000188fc000 Thread added: 0x00000000188fc000
Event: 3965.908 Thread 0x00000000188fc800 Thread added: 0x00000000188fc800
Event: 3965.908 Thread 0x0000000018901000 Thread added: 0x0000000018901000
Event: 3965.908 Executing VM operation: RevokeBias


Dynamic libraries:
0x00007ff642530000 - 0x00007ff642561000 	C:\Program Files (x86)\android-studio\jre\bin\java.exe
0x00007ffef1730000 - 0x00007ffef18dd000 	C:\Windows\SYSTEM32\ntdll.dll
0x00007ffef1090000 - 0x00007ffef11ce000 	C:\Windows\system32\KERNEL32.DLL
0x00007ffeee930000 - 0x00007ffeeea45000 	C:\Windows\system32\KERNELBASE.dll
0x00007ffeed430000 - 0x00007ffeed4be000 	C:\Windows\system32\apphelp.dll
0x00007ffeef5e0000 - 0x00007ffeef68a000 	C:\Windows\system32\ADVAPI32.dll
0x00007ffef15b0000 - 0x00007ffef1727000 	C:\Windows\system32\USER32.dll
0x00007ffeeb9e0000 - 0x00007ffeebc5a000 	C:\Windows\WinSxS\amd64_microsoft.windows.common-controls_6595b64144ccf1df_6.0.9600.17810_none_6240b9c7ecbd0bda\COMCTL32.dll
0x00007ffef0d40000 - 0x00007ffef0dea000 	C:\Windows\system32\msvcrt.dll
0x00007ffef11d0000 - 0x00007ffef1229000 	C:\Windows\SYSTEM32\sechost.dll
0x00007ffef1230000 - 0x00007ffef1370000 	C:\Windows\system32\RPCRT4.dll
0x00007ffeeef40000 - 0x00007ffeef08f000 	C:\Windows\system32\GDI32.dll
0x00007ffeeece0000 - 0x00007ffeeed0e000 	C:\Windows\system32\SspiCli.dll
0x00007ffef0df0000 - 0x00007ffef0e26000 	C:\Windows\system32\IMM32.DLL
0x00007ffeeede0000 - 0x00007ffeeef33000 	C:\Windows\system32\MSCTF.dll
0x0000000070020000 - 0x00000000700f2000 	C:\Program Files (x86)\android-studio\jre\jre\bin\msvcr100.dll
0x00000000701e0000 - 0x0000000070a1e000 	C:\Program Files (x86)\android-studio\jre\jre\bin\server\jvm.dll
0x00007ffee6c40000 - 0x00007ffee6c49000 	C:\Windows\SYSTEM32\WSOCK32.dll
0x00007ffee2da0000 - 0x00007ffee2dc2000 	C:\Windows\SYSTEM32\WINMM.dll
0x00007ffee79a0000 - 0x00007ffee79aa000 	C:\Windows\SYSTEM32\VERSION.dll
0x00007ffef1370000 - 0x00007ffef1377000 	C:\Windows\system32\PSAPI.DLL
0x00007ffeef6f0000 - 0x00007ffeef74a000 	C:\Windows\system32\WS2_32.dll
0x00007ffee2c60000 - 0x00007ffee2c8a000 	C:\Windows\SYSTEM32\WINMMBASE.dll
0x00007ffef15a0000 - 0x00007ffef15a9000 	C:\Windows\system32\NSI.dll
0x00007ffeeed10000 - 0x00007ffeeed5f000 	C:\Windows\SYSTEM32\cfgmgr32.dll
0x00007ffeed680000 - 0x00007ffeed6a8000 	C:\Windows\SYSTEM32\DEVOBJ.dll
0x00007ffee6c30000 - 0x00007ffee6c3f000 	C:\Program Files (x86)\android-studio\jre\jre\bin\verify.dll
0x00007ffee5450000 - 0x00007ffee5479000 	C:\Program Files (x86)\android-studio\jre\jre\bin\java.dll
0x00007ffee6120000 - 0x00007ffee6136000 	C:\Program Files (x86)\android-studio\jre\jre\bin\zip.dll
0x00007ffeef750000 - 0x00007ffef0c7b000 	C:\Windows\system32\SHELL32.dll
0x00007ffeef3b0000 - 0x00007ffeef5c1000 	C:\Windows\SYSTEM32\combase.dll
0x00007ffeef170000 - 0x00007ffeef1c4000 	C:\Windows\system32\SHLWAPI.dll
0x00007ffeebe60000 - 0x00007ffeebf12000 	C:\Windows\SYSTEM32\SHCORE.dll
0x00007ffeee860000 - 0x00007ffeee875000 	C:\Windows\SYSTEM32\profapi.dll
0x00007ffee53e0000 - 0x00007ffee53fa000 	C:\Program Files (x86)\android-studio\jre\jre\bin\net.dll
0x00007ffeee0a0000 - 0x00007ffeee0f9000 	C:\Windows\system32\mswsock.dll
0x00007ffee53c0000 - 0x00007ffee53d1000 	C:\Program Files (x86)\android-studio\jre\jre\bin\nio.dll
0x00007ffee6c60000 - 0x00007ffee6c7e000 	C:\Users\Alexandre\.gradle\native\25\windows-amd64\native-platform.dll
0x00007ffee4c10000 - 0x00007ffee4c1d000 	C:\Program Files (x86)\android-studio\jre\jre\bin\management.dll
0x00007ffeee100000 - 0x00007ffeee120000 	C:\Windows\SYSTEM32\CRYPTSP.dll
0x00007ffeedd20000 - 0x00007ffeedd56000 	C:\Windows\system32\rsaenh.dll
0x00007ffeee350000 - 0x00007ffeee376000 	C:\Windows\SYSTEM32\bcrypt.dll
0x00007ffeede30000 - 0x00007ffeede51000 	C:\Windows\SYSTEM32\USERENV.dll
0x00007ffeee6c0000 - 0x00007ffeee723000 	C:\Windows\system32\bcryptprimitives.dll
0x00007ffeee730000 - 0x00007ffeee73b000 	C:\Windows\SYSTEM32\CRYPTBASE.dll
0x00007ffee9a60000 - 0x00007ffee9a8a000 	C:\Windows\SYSTEM32\IPHLPAPI.DLL
0x00007ffee9a40000 - 0x00007ffee9a4a000 	C:\Windows\SYSTEM32\WINNSI.DLL
0x00007ffee9610000 - 0x00007ffee9626000 	C:\Windows\SYSTEM32\dhcpcsvc6.DLL
0x00007ffee9710000 - 0x00007ffee972a000 	C:\Windows\SYSTEM32\dhcpcsvc.DLL
0x00007ffee4580000 - 0x00007ffee470a000 	C:\Windows\SYSTEM32\dbghelp.dll

VM Arguments:
jvm_args: -Xmx1536m -Dfile.encoding=windows-1252 -Duser.country=BR -Duser.language=pt -Duser.variant 
java_command: org.gradle.launcher.daemon.bootstrap.GradleDaemon 4.1
java_class_path (initial): C:\Users\Alexandre\.gradle\wrapper\dists\gradle-4.1-all\bzyivzo6n839fup2jbap0tjew\gradle-4.1\lib\gradle-launcher-4.1.jar
Launcher Type: SUN_STANDARD

Environment Variables:
JAVA_HOME=C:\Program Files\Java\jdk1.8.0_121
PATH=C:\ProgramData\Oracle\Java\javapath;C:\Windows\system32;C:\Windows;C:\Windows\System32\Wbem;C:\Windows\System32\WindowsPowerShell\v1.0\;C:\Program Files\Microsoft\Web Platform Installer\;C:\Program Files (x86)\Microsoft ASP.NET\ASP.NET Web Pages\v1.0\;C:\Program Files (x86)\Windows Kits\8.0\Windows Performance Toolkit\;C:\Program Files\Microsoft SQL Server\110\Tools\Binn\;C:\Program Files\Java\jdk1.8.0_121\bin;G:\Desenvolvimento_Mobile\Desenvolvimento_Android\Android\ANT\apache-ant-1.9.4\bin;G:\Desenvolvimento_Mobile\Desenvolvimento_Android\Android\AndroidSDK\tools;G:\Desenvolvimento_Mobile\Desenvolvimento_Android\Android\AndroidSDK\platform-tools;C:\Program Files\Microsoft SQL Server\130\Tools\Binn\;C:\Program Files\dotnet\;C:\Program Files (x86)\Skype\Phone\;C:\Program Files (x86)\Microsoft SQL Server\100\Tools\Binn\VSShell\Common7\IDE\;C:\Program Files (x86)\Microsoft SQL Server\100\Tools\Binn\;C:\Program Files\Microsoft SQL Server\100\Tools\Binn\;C:\Program Files (x86)\Microsoft SQL Server\100\DTS\Binn\;C:\Program Files\nodejs\;G:\Desenvolvimento_Mobile\Desenvolvimento_Android\Android\gradle-4.2.1\bin;C:\Program Files (x86)\Microsoft VS Code\bin;C:\Users\Alexandre\AppData\Roaming\npm
USERNAME=Alexandre
OS=Windows_NT
PROCESSOR_IDENTIFIER=Intel64 Family 6 Model 58 Stepping 9, GenuineIntel



---------------  S Y S T E M  ---------------

OS: Windows 8.1 , 64 bit Build 9600 (6.3.9600.17415)

CPU:total 4 (initial active 4) (2 cores per cpu, 2 threads per core) family 6 model 58 stepping 9, cmov, cx8, fxsr, mmx, sse, sse2, sse3, ssse3, sse4.1, sse4.2, popcnt, avx, clmul, erms, ht, tsc, tscinvbit, tscinv

Memory: 4k page, physical 4067376k(479616k free), swap 8261684k(3574268k free)

vm_info: OpenJDK 64-Bit Server VM (25.152-b01) for windows-amd64 JRE (1.8.0_152-release-915-b01), built by "builder" with MS VC++ 10.0 (VS2010)

time: Sat Nov 11 19:35:42 2017
elapsed time: 4035 seconds (0d 1h 7m 15s)

